0 info it worked if it ends with ok
1 verbose cli [ 'C:\\Program Files\\nodejs\\node.exe',
1 verbose cli   'C:\\Program Files\\nodejs\\node_modules\\npm\\bin\\npm-cli.js',
1 verbose cli   'run',
1 verbose cli   'server' ]
2 info using npm@4.1.2
3 info using node@v7.5.0
4 verbose run-script [ 'preserver', 'server', 'postserver' ]
5 info lifecycle angular2-seed@1.0.0~preserver: angular2-seed@1.0.0
6 silly lifecycle angular2-seed@1.0.0~preserver: no script for preserver, continuing
7 info lifecycle angular2-seed@1.0.0~server: angular2-seed@1.0.0
8 verbose lifecycle angular2-seed@1.0.0~server: unsafe-perm in lifecycle true
9 verbose lifecycle angular2-seed@1.0.0~server: PATH: C:\Program Files\nodejs\node_modules\npm\bin\node-gyp-bin;D:\Venkat\Demo_Apps\me\USA\Rajesh\ng2sidePanal\node_modules\.bin;C:\windows\system32;C:\windows;C:\windows\System32\Wbem;C:\windows\System32\WindowsPowerShell\v1.0\;C:\Program Files\Git\cmd;C:\Program Files\nodejs\
10 verbose lifecycle angular2-seed@1.0.0~server: CWD: D:\Venkat\Demo_Apps\me\USA\Rajesh\ng2sidePanal
11 silly lifecycle angular2-seed@1.0.0~server: Args: [ '/d /s /c',
11 silly lifecycle   'webpack-dev-server --inline --progress --port 3000 --content-base src' ]
12 silly lifecycle angular2-seed@1.0.0~server: Returned: code: 1  signal: null
13 info lifecycle angular2-seed@1.0.0~server: Failed to exec server script
14 verbose stack Error: angular2-seed@1.0.0 server: `webpack-dev-server --inline --progress --port 3000 --content-base src`
14 verbose stack Exit status 1
14 verbose stack     at EventEmitter.<anonymous> (C:\Program Files\nodejs\node_modules\npm\lib\utils\lifecycle.js:279:16)
14 verbose stack     at emitTwo (events.js:106:13)
14 verbose stack     at EventEmitter.emit (events.js:192:7)
14 verbose stack     at ChildProcess.<anonymous> (C:\Program Files\nodejs\node_modules\npm\lib\utils\spawn.js:40:14)
14 verbose stack     at emitTwo (events.js:106:13)
14 verbose stack     at ChildProcess.emit (events.js:192:7)
14 verbose stack     at maybeClose (internal/child_process.js:890:16)
14 verbose stack     at Process.ChildProcess._handle.onexit (internal/child_process.js:226:5)
15 verbose pkgid angular2-seed@1.0.0
16 verbose cwd D:\Venkat\Demo_Apps\me\USA\Rajesh\ng2sidePanal
17 error Windows_NT 6.1.7601
18 error argv "C:\\Program Files\\nodejs\\node.exe" "C:\\Program Files\\nodejs\\node_modules\\npm\\bin\\npm-cli.js" "run" "server"
19 error node v7.5.0
20 error npm  v4.1.2
21 error code ELIFECYCLE
22 error angular2-seed@1.0.0 server: `webpack-dev-server --inline --progress --port 3000 --content-base src`
22 error Exit status 1
23 error Failed at the angular2-seed@1.0.0 server script 'webpack-dev-server --inline --progress --port 3000 --content-base src'.
23 error Make sure you have the latest version of node.js and npm installed.
23 error If you do, this is most likely a problem with the angular2-seed package,
23 error not with npm itself.
23 error Tell the author that this fails on your system:
23 error     webpack-dev-server --inline --progress --port 3000 --content-base src
23 error You can get information on how to open an issue for this project with:
23 error     npm bugs angular2-seed
23 error Or if that isn't available, you can get their info via:
23 error     npm owner ls angular2-seed
23 error There is likely additional logging output above.
24 verbose exit [ 1, true ]
